app/build/intermediates/manifest_merge_blame_file/release/manifest-merger-blame-release-report.txt
1<?xml version="1.0" encoding="utf-8"?>
2<manifest xmlns:android="http://schemas.android.com/apk/res/android"
3    package="com.example.helmetdetectionapp"
4    android:versionCode="1"
5    android:versionName="1.0" >
6
7    <uses-sdk
8        android:minSdkVersion="21"
8-->src\main\AndroidManifest.xml
9        android:targetSdkVersion="34" />
9-->src\main\AndroidManifest.xml
10
11    <uses-permission android:name="android.permission.INTERNET" />
11-->src\main\AndroidManifest.xml:5:5-67
11-->src\main\AndroidManifest.xml:5:22-64
12    <uses-permission android:name="android.permission.ACCESS_WIFI_STATE" />
12-->src\main\AndroidManifest.xml:6:5-76
12-->src\main\AndroidManifest.xml:6:22-73
13    <uses-permission android:name="android.permission.ACCESS_NETWORK_STATE" /> <!-- Query intents on API 30 and above. -->
13-->[com.google.firebase:firebase-auth:21.0.3] AndroidManifest.xml:24:5-79
13-->[com.google.firebase:firebase-auth:21.0.3] AndroidManifest.xml:24:22-76
14    <queries>
14-->[com.pranavpandey.android:dynamic-utils:4.2.0] AndroidManifest.xml:25:5-31:15
15        <intent>
15-->[com.pranavpandey.android:dynamic-utils:4.2.0] AndroidManifest.xml:26:9-30:18
16            <action android:name="android.intent.action.SENDTO" />
16-->[com.pranavpandey.android:dynamic-utils:4.2.0] AndroidManifest.xml:27:13-67
16-->[com.pranavpandey.android:dynamic-utils:4.2.0] AndroidManifest.xml:27:21-64
17
18            <data android:scheme="mailto" />
18-->[com.google.firebase:firebase-auth:21.0.3] AndroidManifest.xml:39:17-42:51
18-->[com.google.firebase:firebase-auth:21.0.3] AndroidManifest.xml:42:21-48
19        </intent>
20    </queries>
21
22    <permission
22-->[androidx.core:core:1.12.0] AndroidManifest.xml:22:5-24:47
23        android:name="com.example.helmetdetectionapp.DYNAMIC_RECEIVER_NOT_EXPORTED_PERMISSION"
23-->[androidx.core:core:1.12.0] AndroidManifest.xml:23:9-81
24        android:protectionLevel="signature" />
24-->[androidx.core:core:1.12.0] AndroidManifest.xml:24:9-44
25
26    <uses-permission android:name="com.example.helmetdetectionapp.DYNAMIC_RECEIVER_NOT_EXPORTED_PERMISSION" />
26-->[androidx.core:core:1.12.0] AndroidManifest.xml:26:5-97
26-->[androidx.core:core:1.12.0] AndroidManifest.xml:26:22-94
27
28    <application
28-->src\main\AndroidManifest.xml:8:5-54:19
29        android:allowBackup="true"
29-->src\main\AndroidManifest.xml:9:9-35
30        android:appComponentFactory="androidx.core.app.CoreComponentFactory"
30-->[androidx.core:core:1.12.0] AndroidManifest.xml:28:18-86
31        android:dataExtractionRules="@xml/data_extraction_rules"
31-->src\main\AndroidManifest.xml:10:9-65
32        android:fullBackupContent="@xml/backup_rules"
32-->src\main\AndroidManifest.xml:11:9-54
33        android:icon="@drawable/ubermoto"
33-->src\main\AndroidManifest.xml:12:9-42
34        android:label="@string/app_name"
34-->src\main\AndroidManifest.xml:13:9-41
35        android:supportsRtl="true"
35-->src\main\AndroidManifest.xml:14:9-35
36        android:theme="@style/Theme.ChatGPT" >
36-->src\main\AndroidManifest.xml:15:9-45
37        <activity
37-->src\main\AndroidManifest.xml:17:9-19:40
38            android:name="com.example.helmetdetectionapp.AddMedicine"
38-->src\main\AndroidManifest.xml:18:13-40
39            android:exported="false" />
39-->src\main\AndroidManifest.xml:19:13-37
40        <activity
40-->src\main\AndroidManifest.xml:20:9-23:56
41            android:name="com.example.helmetdetectionapp.CardDetailActivity"
41-->src\main\AndroidManifest.xml:21:13-47
42            android:exported="false"
42-->src\main\AndroidManifest.xml:22:13-37
43            android:parentActivityName="com.example.helmetdetectionapp.HomeScreen" />
43-->src\main\AndroidManifest.xml:23:13-53
44        <activity
44-->src\main\AndroidManifest.xml:24:9-26:40
45            android:name="com.example.helmetdetectionapp.DemoActivity"
45-->src\main\AndroidManifest.xml:25:13-41
46            android:exported="false" />
46-->src\main\AndroidManifest.xml:26:13-37
47        <activity
47-->src\main\AndroidManifest.xml:28:9-30:40
48            android:name="com.example.helmetdetectionapp.ChatActivity"
48-->src\main\AndroidManifest.xml:29:13-41
49            android:exported="false" />
49-->src\main\AndroidManifest.xml:30:13-37
50        <activity
50-->src\main\AndroidManifest.xml:32:9-34:40
51            android:name="com.example.helmetdetectionapp.ResetPasswordActivity"
51-->src\main\AndroidManifest.xml:33:13-50
52            android:exported="false" />
52-->src\main\AndroidManifest.xml:34:13-37
53        <activity
53-->src\main\AndroidManifest.xml:35:9-37:40
54            android:name="com.example.helmetdetectionapp.HomeScreen"
54-->src\main\AndroidManifest.xml:36:13-39
55            android:exported="false" />
55-->src\main\AndroidManifest.xml:37:13-37
56        <activity
56-->src\main\AndroidManifest.xml:38:9-46:20
57            android:name="com.example.helmetdetectionapp.SplashActivity"
57-->src\main\AndroidManifest.xml:39:13-43
58            android:exported="true" >
58-->src\main\AndroidManifest.xml:40:13-36
59            <intent-filter>
59-->src\main\AndroidManifest.xml:41:13-45:29
60                <action android:name="android.intent.action.MAIN" />
60-->src\main\AndroidManifest.xml:42:17-69
60-->src\main\AndroidManifest.xml:42:25-66
61
62                <category android:name="android.intent.category.LAUNCHER" />
62-->src\main\AndroidManifest.xml:44:17-77
62-->src\main\AndroidManifest.xml:44:27-74
63            </intent-filter>
64        </activity>
65        <activity android:name="com.example.helmetdetectionapp.CredentialsActivity" />
65-->src\main\AndroidManifest.xml:47:9-57
65-->src\main\AndroidManifest.xml:47:19-54
66        <activity android:name="com.example.helmetdetectionapp.LoginActivity" />
66-->src\main\AndroidManifest.xml:48:9-51
66-->src\main\AndroidManifest.xml:48:19-48
67        <activity android:name="com.example.helmetdetectionapp.RegisterActivity" />
67-->src\main\AndroidManifest.xml:49:9-54
67-->src\main\AndroidManifest.xml:49:19-51
68        <activity
68-->src\main\AndroidManifest.xml:50:9-53:56
69            android:name="com.example.helmetdetectionapp.MainActivity"
69-->src\main\AndroidManifest.xml:51:13-41
70            android:exported="true"
70-->src\main\AndroidManifest.xml:52:13-36
71            android:parentActivityName="com.example.helmetdetectionapp.HomeScreen" />
71-->src\main\AndroidManifest.xml:53:13-53
72        <activity
72-->[com.google.firebase:firebase-auth:21.0.3] AndroidManifest.xml:27:9-44:20
73            android:name="com.google.firebase.auth.internal.GenericIdpActivity"
73-->[com.google.firebase:firebase-auth:21.0.3] AndroidManifest.xml:28:13-80
74            android:excludeFromRecents="true"
74-->[com.google.firebase:firebase-auth:21.0.3] AndroidManifest.xml:29:13-46
75            android:exported="true"
75-->[com.google.firebase:firebase-auth:21.0.3] AndroidManifest.xml:30:13-36
76            android:launchMode="singleTask"
76-->[com.google.firebase:firebase-auth:21.0.3] AndroidManifest.xml:31:13-44
77            android:theme="@android:style/Theme.Translucent.NoTitleBar" >
77-->[com.google.firebase:firebase-auth:21.0.3] AndroidManifest.xml:32:13-72
78            <intent-filter>
78-->[com.google.firebase:firebase-auth:21.0.3] AndroidManifest.xml:33:13-43:29
79                <action android:name="android.intent.action.VIEW" />
79-->[com.google.firebase:firebase-auth:21.0.3] AndroidManifest.xml:34:17-69
79-->[com.google.firebase:firebase-auth:21.0.3] AndroidManifest.xml:34:25-66
80
81                <category android:name="android.intent.category.DEFAULT" />
81-->[com.google.firebase:firebase-auth:21.0.3] AndroidManifest.xml:36:17-76
81-->[com.google.firebase:firebase-auth:21.0.3] AndroidManifest.xml:36:27-73
82                <category android:name="android.intent.category.BROWSABLE" />
82-->[com.google.firebase:firebase-auth:21.0.3] AndroidManifest.xml:37:17-78
82-->[com.google.firebase:firebase-auth:21.0.3] AndroidManifest.xml:37:27-75
83
84                <data
84-->[com.google.firebase:firebase-auth:21.0.3] AndroidManifest.xml:39:17-42:51
85                    android:host="firebase.auth"
85-->[com.google.firebase:firebase-auth:21.0.3] AndroidManifest.xml:40:21-49
86                    android:path="/"
86-->[com.google.firebase:firebase-auth:21.0.3] AndroidManifest.xml:41:21-37
87                    android:scheme="genericidp" />
87-->[com.google.firebase:firebase-auth:21.0.3] AndroidManifest.xml:42:21-48
88            </intent-filter>
89        </activity>
90        <activity
90-->[com.google.firebase:firebase-auth:21.0.3] AndroidManifest.xml:45:9-62:20
91            android:name="com.google.firebase.auth.internal.RecaptchaActivity"
91-->[com.google.firebase:firebase-auth:21.0.3] AndroidManifest.xml:46:13-79
92            android:excludeFromRecents="true"
92-->[com.google.firebase:firebase-auth:21.0.3] AndroidManifest.xml:47:13-46
93            android:exported="true"
93-->[com.google.firebase:firebase-auth:21.0.3] AndroidManifest.xml:48:13-36
94            android:launchMode="singleTask"
94-->[com.google.firebase:firebase-auth:21.0.3] AndroidManifest.xml:49:13-44
95            android:theme="@android:style/Theme.Translucent.NoTitleBar" >
95-->[com.google.firebase:firebase-auth:21.0.3] AndroidManifest.xml:50:13-72
96            <intent-filter>
96-->[com.google.firebase:firebase-auth:21.0.3] AndroidManifest.xml:51:13-61:29
97                <action android:name="android.intent.action.VIEW" />
97-->[com.google.firebase:firebase-auth:21.0.3] AndroidManifest.xml:34:17-69
97-->[com.google.firebase:firebase-auth:21.0.3] AndroidManifest.xml:34:25-66
98
99                <category android:name="android.intent.category.DEFAULT" />
99-->[com.google.firebase:firebase-auth:21.0.3] AndroidManifest.xml:36:17-76
99-->[com.google.firebase:firebase-auth:21.0.3] AndroidManifest.xml:36:27-73
100                <category android:name="android.intent.category.BROWSABLE" />
100-->[com.google.firebase:firebase-auth:21.0.3] AndroidManifest.xml:37:17-78
100-->[com.google.firebase:firebase-auth:21.0.3] AndroidManifest.xml:37:27-75
101
102                <data
102-->[com.google.firebase:firebase-auth:21.0.3] AndroidManifest.xml:39:17-42:51
103                    android:host="firebase.auth"
103-->[com.google.firebase:firebase-auth:21.0.3] AndroidManifest.xml:40:21-49
104                    android:path="/"
104-->[com.google.firebase:firebase-auth:21.0.3] AndroidManifest.xml:41:21-37
105                    android:scheme="recaptcha" />
105-->[com.google.firebase:firebase-auth:21.0.3] AndroidManifest.xml:42:21-48
106            </intent-filter>
107        </activity>
108
109        <service
109-->[com.google.firebase:firebase-auth:21.0.3] AndroidManifest.xml:64:9-70:19
110            android:name="com.google.firebase.components.ComponentDiscoveryService"
110-->[com.google.firebase:firebase-auth:21.0.3] AndroidManifest.xml:65:13-84
111            android:directBootAware="true"
111-->[com.google.firebase:firebase-common:20.1.0] AndroidManifest.xml:35:13-43
112            android:exported="false" >
112-->[com.google.firebase:firebase-auth:21.0.3] AndroidManifest.xml:66:13-37
113            <meta-data
113-->[com.google.firebase:firebase-auth:21.0.3] AndroidManifest.xml:67:13-69:85
114                android:name="com.google.firebase.components:com.google.firebase.auth.FirebaseAuthRegistrar"
114-->[com.google.firebase:firebase-auth:21.0.3] AndroidManifest.xml:68:17-109
115                android:value="com.google.firebase.components.ComponentRegistrar" />
115-->[com.google.firebase:firebase-auth:21.0.3] AndroidManifest.xml:69:17-82
116            <meta-data
116-->[com.google.firebase:firebase-database:20.0.4] AndroidManifest.xml:32:13-34:85
117                android:name="com.google.firebase.components:com.google.firebase.database.DatabaseRegistrar"
117-->[com.google.firebase:firebase-database:20.0.4] AndroidManifest.xml:33:17-109
118                android:value="com.google.firebase.components.ComponentRegistrar" />
118-->[com.google.firebase:firebase-database:20.0.4] AndroidManifest.xml:34:17-82
119        </service>
120
121        <provider
121-->[com.google.firebase:firebase-common:20.1.0] AndroidManifest.xml:26:9-31:39
122            android:name="com.google.firebase.provider.FirebaseInitProvider"
122-->[com.google.firebase:firebase-common:20.1.0] AndroidManifest.xml:27:13-77
123            android:authorities="com.example.helmetdetectionapp.firebaseinitprovider"
123-->[com.google.firebase:firebase-common:20.1.0] AndroidManifest.xml:28:13-72
124            android:directBootAware="true"
124-->[com.google.firebase:firebase-common:20.1.0] AndroidManifest.xml:29:13-43
125            android:exported="false"
125-->[com.google.firebase:firebase-common:20.1.0] AndroidManifest.xml:30:13-37
126            android:initOrder="100" />
126-->[com.google.firebase:firebase-common:20.1.0] AndroidManifest.xml:31:13-36
127
128        <activity
128-->[com.google.android.gms:play-services-base:18.0.1] AndroidManifest.xml:20:9-22:45
129            android:name="com.google.android.gms.common.api.GoogleApiActivity"
129-->[com.google.android.gms:play-services-base:18.0.1] AndroidManifest.xml:20:19-85
130            android:exported="false"
130-->[com.google.android.gms:play-services-base:18.0.1] AndroidManifest.xml:22:19-43
131            android:theme="@android:style/Theme.Translucent.NoTitleBar" />
131-->[com.google.android.gms:play-services-base:18.0.1] AndroidManifest.xml:21:19-78
132
133        <meta-data
133-->[com.google.android.gms:play-services-basement:18.0.0] AndroidManifest.xml:21:9-23:69
134            android:name="com.google.android.gms.version"
134-->[com.google.android.gms:play-services-basement:18.0.0] AndroidManifest.xml:22:13-58
135            android:value="@integer/google_play_services_version" />
135-->[com.google.android.gms:play-services-basement:18.0.0] AndroidManifest.xml:23:13-66
136
137        <provider
137-->[androidx.emoji2:emoji2:1.2.0] AndroidManifest.xml:24:9-32:20
138            android:name="androidx.startup.InitializationProvider"
138-->[androidx.emoji2:emoji2:1.2.0] AndroidManifest.xml:25:13-67
139            android:authorities="com.example.helmetdetectionapp.androidx-startup"
139-->[androidx.emoji2:emoji2:1.2.0] AndroidManifest.xml:26:13-68
140            android:exported="false" >
140-->[androidx.emoji2:emoji2:1.2.0] AndroidManifest.xml:27:13-37
141            <meta-data
141-->[androidx.emoji2:emoji2:1.2.0] AndroidManifest.xml:29:13-31:52
142                android:name="androidx.emoji2.text.EmojiCompatInitializer"
142-->[androidx.emoji2:emoji2:1.2.0] AndroidManifest.xml:30:17-75
143                android:value="androidx.startup" />
143-->[androidx.emoji2:emoji2:1.2.0] AndroidManifest.xml:31:17-49
144            <meta-data
144-->[androidx.lifecycle:lifecycle-process:2.4.1] AndroidManifest.xml:31:13-33:52
145                android:name="androidx.lifecycle.ProcessLifecycleInitializer"
145-->[androidx.lifecycle:lifecycle-process:2.4.1] AndroidManifest.xml:32:17-78
146                android:value="androidx.startup" />
146-->[androidx.lifecycle:lifecycle-process:2.4.1] AndroidManifest.xml:33:17-49
147        </provider>
148    </application>
149
150</manifest>